{
"contracts/NftMarketplace.sol":{"l":{"60":12,"61":12,"62":1,"64":11,"74":18,"76":18,"77":18,"78":3,"80":15,"85":9,"86":9,"87":3,"89":6,"101":11,"102":0,"104":11,"106":11,"107":1,"110":10,"111":10,"119":3,"121":3,"122":1,"129":2,"133":2,"135":2,"140":2,"152":1,"153":1,"165":1,"166":1,"171":2,"172":2,"173":1,"176":1,"177":1,"178":1,"179":0,"190":2,"195":2},"path":"/home/franky11/web3starter/nft-marketplace/contracts/NftMarketplace.sol","s":{"1":12,"2":12,"3":18,"4":18,"5":18,"6":9,"7":9,"8":11,"9":11,"10":11,"11":10,"12":3,"13":3,"14":2,"15":2,"16":1,"17":1,"18":2,"19":2,"20":1,"21":1,"22":2,"23":2},"b":{"1":[1,11],"2":[3,15],"3":[3,6],"4":[12,1],"5":[11,1],"6":[0,11],"7":[1,10],"8":[3,1],"9":[3,0],"10":[1,2],"11":[2,1],"12":[1,1],"13":[2,1],"14":[1,1],"15":[1,1],"16":[0,1]},"f":{"1":3,"2":12,"3":18,"4":9,"5":11,"6":3,"7":1,"8":1,"9":2,"10":2,"11":2},"fnMap":{"1":{"name":"constructor","line":52,"loc":{"start":{"line":52,"column":4},"end":{"line":52,"column":19}}},"2":{"name":"isListed","line":55,"loc":{"start":{"line":55,"column":4},"end":{"line":65,"column":4}}},"3":{"name":"isOwner","line":69,"loc":{"start":{"line":69,"column":4},"end":{"line":81,"column":4}}},"4":{"name":"notListed","line":84,"loc":{"start":{"line":84,"column":4},"end":{"line":90,"column":4}}},"5":{"name":"listItem","line":99,"loc":{"start":{"line":92,"column":4},"end":{"line":112,"column":4}}},"6":{"name":"buyItem","line":117,"loc":{"start":{"line":114,"column":4},"end":{"line":141,"column":4}}},"7":{"name":"cancelItem","line":149,"loc":{"start":{"line":143,"column":4},"end":{"line":154,"column":4}}},"8":{"name":"updateItem","line":163,"loc":{"start":{"line":156,"column":4},"end":{"line":167,"column":4}}},"9":{"name":"withdrawHoldings","line":169,"loc":{"start":{"line":169,"column":4},"end":{"line":181,"column":4}}},"10":{"name":"getListing","line":186,"loc":{"start":{"line":186,"column":4},"end":{"line":191,"column":4}}},"11":{"name":"getHolding","line":194,"loc":{"start":{"line":194,"column":4},"end":{"line":196,"column":4}}}},"statementMap":{"1":{"start":{"line":60,"column":8},"end":{"line":60,"column":64}},"2":{"start":{"line":61,"column":8},"end":{"line":61,"column":1704}},"3":{"start":{"line":74,"column":8},"end":{"line":74,"column":41}},"4":{"start":{"line":76,"column":8},"end":{"line":76,"column":44}},"5":{"start":{"line":77,"column":8},"end":{"line":77,"column":2194}},"6":{"start":{"line":85,"column":8},"end":{"line":85,"column":60}},"7":{"start":{"line":86,"column":8},"end":{"line":86,"column":2477}},"8":{"start":{"line":101,"column":8},"end":{"line":101,"column":2812}},"9":{"start":{"line":104,"column":8},"end":{"line":104,"column":41}},"10":{"start":{"line":106,"column":8},"end":{"line":106,"column":3006}},"11":{"start":{"line":111,"column":8},"end":{"line":111,"column":63}},"12":{"start":{"line":119,"column":8},"end":{"line":119,"column":67}},"13":{"start":{"line":121,"column":8},"end":{"line":121,"column":3632}},"14":{"start":{"line":135,"column":8},"end":{"line":135,"column":4173}},"15":{"start":{"line":140,"column":8},"end":{"line":140,"column":74}},"16":{"start":{"line":153,"column":8},"end":{"line":153,"column":57}},"17":{"start":{"line":166,"column":8},"end":{"line":166,"column":66}},"18":{"start":{"line":171,"column":8},"end":{"line":171,"column":55}},"19":{"start":{"line":172,"column":8},"end":{"line":172,"column":5290}},"20":{"start":{"line":177,"column":8},"end":{"line":177,"column":75}},"21":{"start":{"line":178,"column":8},"end":{"line":178,"column":5565}},"22":{"start":{"line":190,"column":8},"end":{"line":190,"column":46}},"23":{"start":{"line":195,"column":8},"end":{"line":195,"column":36}}},"branchMap":{"1":{"line":61,"type":"if","locations":[{"start":{"line":61,"column":8},"end":{"line":61,"column":8}},{"start":{"line":61,"column":8},"end":{"line":61,"column":8}}]},"2":{"line":77,"type":"if","locations":[{"start":{"line":77,"column":8},"end":{"line":77,"column":8}},{"start":{"line":77,"column":8},"end":{"line":77,"column":8}}]},"3":{"line":86,"type":"if","locations":[{"start":{"line":86,"column":8},"end":{"line":86,"column":8}},{"start":{"line":86,"column":8},"end":{"line":86,"column":8}}]},"4":{"line":98,"type":"if","locations":[{"start":{"line":98,"column":8},"end":{"line":98,"column":8}},{"start":{"line":98,"column":8},"end":{"line":98,"column":8}}]},"5":{"line":99,"type":"if","locations":[{"start":{"line":99,"column":8},"end":{"line":99,"column":8}},{"start":{"line":99,"column":8},"end":{"line":99,"column":8}}]},"6":{"line":101,"type":"if","locations":[{"start":{"line":101,"column":8},"end":{"line":101,"column":8}},{"start":{"line":101,"column":8},"end":{"line":101,"column":8}}]},"7":{"line":106,"type":"if","locations":[{"start":{"line":106,"column":8},"end":{"line":106,"column":8}},{"start":{"line":106,"column":8},"end":{"line":106,"column":8}}]},"8":{"line":117,"type":"if","locations":[{"start":{"line":117,"column":23},"end":{"line":117,"column":23}},{"start":{"line":117,"column":23},"end":{"line":117,"column":23}}]},"9":{"line":117,"type":"if","locations":[{"start":{"line":117,"column":54},"end":{"line":117,"column":54}},{"start":{"line":117,"column":54},"end":{"line":117,"column":54}}]},"10":{"line":121,"type":"if","locations":[{"start":{"line":121,"column":8},"end":{"line":121,"column":8}},{"start":{"line":121,"column":8},"end":{"line":121,"column":8}}]},"11":{"line":148,"type":"if","locations":[{"start":{"line":148,"column":8},"end":{"line":148,"column":8}},{"start":{"line":148,"column":8},"end":{"line":148,"column":8}}]},"12":{"line":149,"type":"if","locations":[{"start":{"line":149,"column":8},"end":{"line":149,"column":8}},{"start":{"line":149,"column":8},"end":{"line":149,"column":8}}]},"13":{"line":162,"type":"if","locations":[{"start":{"line":162,"column":8},"end":{"line":162,"column":8}},{"start":{"line":162,"column":8},"end":{"line":162,"column":8}}]},"14":{"line":163,"type":"if","locations":[{"start":{"line":163,"column":8},"end":{"line":163,"column":8}},{"start":{"line":163,"column":8},"end":{"line":163,"column":8}}]},"15":{"line":172,"type":"if","locations":[{"start":{"line":172,"column":8},"end":{"line":172,"column":8}},{"start":{"line":172,"column":8},"end":{"line":172,"column":8}}]},"16":{"line":178,"type":"if","locations":[{"start":{"line":178,"column":8},"end":{"line":178,"column":8}},{"start":{"line":178,"column":8},"end":{"line":178,"column":8}}]}}},
"contracts/test/BasicNFT.sol":{"l":{"12":3,"16":15,"17":15,"19":15,"25":0,"29":0},"path":"/home/franky11/web3starter/nft-marketplace/contracts/test/BasicNFT.sol","s":{"1":15,"2":15,"3":0,"4":0},"b":{},"f":{"1":3,"2":15,"3":0,"4":0},"fnMap":{"1":{"name":"constructor","line":11,"loc":{"start":{"line":11,"column":4},"end":{"line":13,"column":4}}},"2":{"name":"mintNft","line":15,"loc":{"start":{"line":15,"column":4},"end":{"line":20,"column":4}}},"3":{"name":"tokenURI","line":22,"loc":{"start":{"line":22,"column":4},"end":{"line":26,"column":4}}},"4":{"name":"getTokenCounter","line":28,"loc":{"start":{"line":28,"column":4},"end":{"line":30,"column":4}}}},"statementMap":{"1":{"start":{"line":16,"column":8},"end":{"line":16,"column":44}},"2":{"start":{"line":19,"column":8},"end":{"line":19,"column":29}},"3":{"start":{"line":25,"column":8},"end":{"line":25,"column":24}},"4":{"start":{"line":29,"column":8},"end":{"line":29,"column":29}}},"branchMap":{}}}
