TN:
SF:/home/franky11/web3starter/nft-marketplace/contracts/NftMarketplace.sol
FN:52,constructor
FN:55,isListed
FN:69,isOwner
FN:84,notListed
FN:99,listItem
FN:117,buyItem
FN:149,cancelItem
FN:163,updateItem
FN:169,withdrawHoldings
FN:186,getListing
FN:194,getHolding
FNF:11
FNH:11
FNDA:3,constructor
FNDA:12,isListed
FNDA:18,isOwner
FNDA:9,notListed
FNDA:11,listItem
FNDA:3,buyItem
FNDA:1,cancelItem
FNDA:1,updateItem
FNDA:2,withdrawHoldings
FNDA:2,getListing
FNDA:2,getHolding
DA:60,12
DA:61,12
DA:62,1
DA:64,11
DA:74,18
DA:76,18
DA:77,18
DA:78,3
DA:80,15
DA:85,9
DA:86,9
DA:87,3
DA:89,6
DA:101,11
DA:102,0
DA:104,11
DA:106,11
DA:107,1
DA:110,10
DA:111,10
DA:119,3
DA:121,3
DA:122,1
DA:129,2
DA:133,2
DA:135,2
DA:140,2
DA:152,1
DA:153,1
DA:165,1
DA:166,1
DA:171,2
DA:172,2
DA:173,1
DA:176,1
DA:177,1
DA:178,1
DA:179,0
DA:190,2
DA:195,2
LF:40
LH:38
BRDA:61,1,0,1
BRDA:61,1,1,11
BRDA:77,2,0,3
BRDA:77,2,1,15
BRDA:86,3,0,3
BRDA:86,3,1,6
BRDA:98,4,0,12
BRDA:98,4,1,1
BRDA:99,5,0,11
BRDA:99,5,1,1
BRDA:101,6,0,0
BRDA:101,6,1,11
BRDA:106,7,0,1
BRDA:106,7,1,10
BRDA:117,8,0,3
BRDA:117,8,1,1
BRDA:117,9,0,3
BRDA:117,9,1,0
BRDA:121,10,0,1
BRDA:121,10,1,2
BRDA:148,11,0,2
BRDA:148,11,1,1
BRDA:149,12,0,1
BRDA:149,12,1,1
BRDA:162,13,0,2
BRDA:162,13,1,1
BRDA:163,14,0,1
BRDA:163,14,1,1
BRDA:172,15,0,1
BRDA:172,15,1,1
BRDA:178,16,0,0
BRDA:178,16,1,1
BRF:32
BRH:29
end_of_record
TN:
SF:/home/franky11/web3starter/nft-marketplace/contracts/test/BasicNFT.sol
FN:11,constructor
FN:15,mintNft
FN:22,tokenURI
FN:28,getTokenCounter
FNF:4
FNH:2
FNDA:3,constructor
FNDA:15,mintNft
FNDA:0,tokenURI
FNDA:0,getTokenCounter
DA:12,3
DA:16,15
DA:17,15
DA:19,15
DA:25,0
DA:29,0
LF:6
LH:4
BRF:0
BRH:0
end_of_record
